0 verbose cli /usr/local/bin/node /usr/local/bin/npm
1 info using npm@10.8.0
2 info using node@v20.13.1
3 silly config load:file:/usr/local/lib/node_modules/npm/npmrc
4 silly config load:file:/home/container/.npmrc
5 silly config load:file:/usr/local/etc/npmrc
6 verbose title npm install npm install mongoose
7 verbose argv "install" "npm" "install" "mongoose"
8 verbose logfile logs-max:10 dir:/home/container/.npm/_logs/2024-06-01T22_26_21_498Z-
9 verbose logfile /home/container/.npm/_logs/2024-06-01T22_26_21_498Z-debug-0.log
10 silly packumentCache heap:307232768 maxSize:76808192 maxEntrySize:38404096
11 silly logfile start cleaning logs, removing 1 files
12 silly logfile done cleaning log files
13 silly idealTree buildDeps
14 silly fetch manifest install@^0.13.0
15 silly packumentCache full:https://registry.npmjs.org/install cache-miss
16 verbose shrinkwrap failed to load node_modules/.package-lock.json out of date, updated: node_modules
17 http fetch GET 200 https://registry.npmjs.org/install 624ms (cache revalidated)
18 silly packumentCache full:https://registry.npmjs.org/install set size:110214 disposed:false
19 silly fetch manifest mongoose@^8.4.0
20 silly packumentCache full:https://registry.npmjs.org/mongoose cache-miss
21 http fetch GET 200 https://registry.npmjs.org/mongoose 389ms (cache updated)
22 silly packumentCache full:https://registry.npmjs.org/mongoose set size:undefined disposed:false
23 silly fetch manifest npm@^10.8.1
24 silly packumentCache full:https://registry.npmjs.org/npm cache-miss
25 http fetch GET 200 https://registry.npmjs.org/npm 192ms (cache revalidated)
26 silly packumentCache full:https://registry.npmjs.org/npm set size:22457451 disposed:false
27 silly placeDep ROOT install@0.13.0 REPLACE for: Noblesse Development@1.0.0 want: ^0.13.0
28 silly placeDep ROOT mongoose@8.4.1 REPLACE for: Noblesse Development@1.0.0 want: ^8.4.0
29 silly placeDep ROOT npm@10.8.1 REPLACE for: Noblesse Development@1.0.0 want: ^10.8.1
30 silly reify mark retired [ '/home/container/node_modules/mongoose' ]
31 silly reify mark retired [
31 silly reify   '/home/container/node_modules/npm',
31 silly reify   '/home/container/node_modules/.bin/npm',
31 silly reify   '/home/container/node_modules/.bin/npx'
31 silly reify ]
32 silly reify moves {
32 silly reify   '/home/container/node_modules/mongoose': '/home/container/node_modules/.mongoose-m43mtI80',
32 silly reify   '/home/container/node_modules/npm': '/home/container/node_modules/.npm-Sz5LTEhi',
32 silly reify   '/home/container/node_modules/.bin/npm': '/home/container/node_modules/.bin/.npm-YzZZ778Y',
32 silly reify   '/home/container/node_modules/.bin/npx': '/home/container/node_modules/.bin/.npx-TGVrU6y2'
32 silly reify }
33 silly audit bulk request {
33 silly audit   '@discordjs/builders': [ '1.8.1' ],
33 silly audit   '@discordjs/collection': [ '1.5.3', '2.1.0' ],
33 silly audit   '@discordjs/formatters': [ '0.4.0' ],
33 silly audit   '@discordjs/rest': [ '2.3.0' ],
33 silly audit   '@discordjs/util': [ '1.1.0' ],
33 silly audit   '@discordjs/ws': [ '1.1.0' ],
33 silly audit   '@mongodb-js/saslprep': [ '1.1.7' ],
33 silly audit   '@sapphire/async-queue': [ '1.5.2' ],
33 silly audit   '@sapphire/shapeshift': [ '3.9.7' ],
33 silly audit   '@sapphire/snowflake': [ '3.5.3' ],
33 silly audit   '@sourcebin/linguist': [ '0.0.3' ],
33 silly audit   '@types/node': [ '20.12.12' ],
33 silly audit   '@types/webidl-conversions': [ '7.0.3' ],
33 silly audit   '@types/whatwg-url': [ '11.0.5' ],
33 silly audit   '@types/ws': [ '8.5.10' ],
33 silly audit   '@vladfrangu/async_event_emitter': [ '2.2.4' ],
33 silly audit   'ansi-styles': [ '4.3.0', '6.2.1' ],
33 silly audit   asynckit: [ '0.4.0' ],
33 silly audit   axios: [ '0.27.2' ],
33 silly audit   bson: [ '6.7.0' ],
33 silly audit   chalk: [ '4.1.2', '5.3.0' ],
33 silly audit   'color-convert': [ '2.0.1' ],
33 silly audit   'color-name': [ '1.1.4' ],
33 silly audit   'combined-stream': [ '1.0.8' ],
33 silly audit   debug: [ '4.3.4' ],
33 silly audit   ms: [ '2.1.2', '2.1.3' ],
33 silly audit   'delayed-stream': [ '1.0.0' ],
33 silly audit   'discord-api-types': [ '0.37.83' ],
33 silly audit   'discord.js': [ '14.15.2' ],
33 silly audit   'fast-deep-equal': [ '3.1.3' ],
33 silly audit   'follow-redirects': [ '1.15.6' ],
33 silly audit   'form-data': [ '4.0.0' ],
33 silly audit   'has-flag': [ '4.0.0' ],
33 silly audit   kareem: [ '2.6.3' ],
33 silly audit   lodash: [ '4.17.21' ],
33 silly audit   'lodash.snakecase': [ '4.1.1' ],
33 silly audit   'magic-bytes.js': [ '1.10.0' ],
33 silly audit   'memory-pager': [ '1.5.0' ],
33 silly audit   'mime-db': [ '1.52.0' ],
33 silly audit   'mime-types': [ '2.1.35' ],
33 silly audit   moment: [ '2.30.1' ],
33 silly audit   'moment-timezone': [ '0.5.45' ],
33 silly audit   mongodb: [ '6.6.2' ],
33 silly audit   'mongodb-connection-string-url': [ '3.0.1' ],
33 silly audit   mpath: [ '0.9.0' ],
33 silly audit   mquery: [ '5.0.0' ],
33 silly audit   'node-fetch': [ '2.7.0' ],
33 silly audit   tr46: [ '0.0.3', '4.1.1' ],
33 silly audit   'webidl-conversions': [ '3.0.1', '7.0.0' ],
33 silly audit   'whatwg-url': [ '5.0.0', '13.0.0' ],
33 silly audit   'supports-color': [ '7.2.0', '9.4.0' ],
33 silly audit   os: [ '0.1.2' ],
33 silly audit   punycode: [ '2.3.1' ],
33 silly audit   sift: [ '17.1.3' ],
33 silly audit   sourcebin_js: [ '0.0.3-ignore' ],
33 silly audit   'sparse-bitfield': [ '3.0.3' ],
33 silly audit   'ts-mixer': [ '6.0.4' ],
33 silly audit   tslib: [ '2.6.2' ],
33 silly audit   undici: [ '6.13.0' ],
33 silly audit   'undici-types': [ '5.26.5' ],
33 silly audit   ws: [ '8.17.0' ],
33 silly audit   install: [ '0.13.0' ],
33 silly audit   mongoose: [ '8.4.1' ],
33 silly audit   'ansi-regex': [ '5.0.1', '6.0.1' ],
33 silly audit   'emoji-regex': [ '8.0.0', '9.2.2' ],
33 silly audit   'string-width': [ '4.2.3', '5.1.2' ],
33 silly audit   'strip-ansi': [ '6.0.1', '7.1.0' ],
33 silly audit   which: [ '2.0.2', '4.0.0' ],
33 silly audit   'fs-minipass': [ '3.0.3', '2.1.0' ],
33 silly audit   isexe: [ '2.0.0', '3.1.1' ],
33 silly audit   minipass: [ '7.1.2', '3.3.6', '5.0.0' ],
33 silly audit   'proc-log': [ '3.0.0', '4.2.0' ],
33 silly audit   'spdx-expression-parse': [ '3.0.1', '4.0.0' ],
33 silly audit   'wrap-ansi': [ '8.1.0', '7.0.0' ],
33 silly audit   npm: [ '10.8.1' ],
33 silly audit   abbrev: [ '2.0.0' ],
33 silly audit   'agent-base': [ '7.1.1' ],
33 silly audit   'aggregate-error': [ '3.1.0' ],
33 silly audit   aproba: [ '2.0.0' ],
33 silly audit   archy: [ '1.0.0' ],
33 silly audit   'balanced-match': [ '1.0.2' ],
33 silly audit   'bin-links': [ '4.0.4' ],
33 silly audit   'binary-extensions': [ '2.3.0' ],
33 silly audit   'brace-expansion': [ '2.0.1' ],
33 silly audit   cacache: [ '18.0.3' ],
33 silly audit   chownr: [ '2.0.0' ],
33 silly audit   'ci-info': [ '4.0.0' ],
33 silly audit   'cidr-regex': [ '4.1.1' ],
33 silly audit   'clean-stack': [ '2.2.0' ],
33 silly audit   'cli-columns': [ '4.0.0' ],
33 silly audit   'cmd-shim': [ '6.0.3' ],
33 silly audit   'common-ancestor-path': [ '1.0.1' ],
33 silly audit   'cross-spawn': [ '7.0.3' ],
33 silly audit   cssesc: [ '3.0.0' ],
33 silly audit   diff: [ '5.2.0' ],
33 silly audit   eastasianwidth: [ '0.2.0' ],
33 silly audit   encoding: [ '0.1.13' ],
33 silly audit   'env-paths': [ '2.2.1' ],
33 silly audit   'err-code': [ '2.0.3' ],
33 silly audit   'exponential-backoff': [ '3.1.1' ],
33 silly audit   'fastest-levenshtein': [ '1.0.16' ],
33 silly audit   'foreground-child': [ '3.1.1' ],
33 silly audit   'function-bind': [ '1.1.2' ],
33 silly audit   glob: [ '10.4.1' ],
33 silly audit   'graceful-fs': [ '4.2.11' ],
33 silly audit   hasown: [ '2.0.2' ],
33 silly audit   'hosted-git-info': [ '7.0.2' ],
33 silly audit   'http-cache-semantics': [ '4.1.1' ],
33 silly audit   'http-proxy-agent': [ '7.0.2' ],
33 silly audit   'https-proxy-agent': [ '7.0.4' ],
33 silly audit   'iconv-lite': [ '0.6.3' ],
33 silly audit   'ignore-walk': [ '6.0.5' ],
33 silly audit   imurmurhash: [ '0.1.4' ],
33 silly audit   'indent-string': [ '4.0.0' ],
33 silly audit   ini: [ '4.1.3' ],
33 silly audit   'init-package-json': [ '6.0.3' ],
33 silly audit   'ip-address': [ '9.0.5' ],
33 silly audit   'ip-regex': [ '5.0.0' ],
33 silly audit   'is-cidr': [ '5.1.0' ],
33 silly audit   'is-core-module': [ '2.13.1' ],
33 silly audit   'is-fullwidth-code-point': [ '3.0.0' ],
33 silly audit   'is-lambda': [ '1.0.1' ],
33 silly audit   jackspeak: [ '3.1.2' ],
33 silly audit   jsbn: [ '1.1.0' ],
33 silly audit   'json-parse-even-better-errors': [ '3.0.2' ],
33 silly audit   'json-stringify-nice': [ '1.1.4' ],
33 silly audit   jsonparse: [ '1.3.1' ],
33 silly audit   'just-diff': [ '6.0.2' ],
33 silly audit   'just-diff-apply': [ '5.5.0' ],
33 silly audit   libnpmaccess: [ '8.0.6' ],
33 silly audit   libnpmdiff: [ '6.1.3' ],
33 silly audit   libnpmexec: [ '8.1.2' ],
33 silly audit   libnpmfund: [ '5.0.11' ],
33 silly audit   libnpmhook: [ '10.0.5' ],
33 silly audit   libnpmorg: [ '6.0.6' ],
33 silly audit   libnpmpack: [ '7.0.3' ],
33 silly audit   libnpmpublish: [ '9.0.9' ],
33 silly audit   libnpmsearch: [ '7.0.6' ],
33 silly audit   libnpmteam: [ '6.0.5' ],
33 silly audit   libnpmversion: [ '6.0.3' ],
33 silly audit   'lru-cache': [ '10.2.2' ],
33 silly audit   'make-fetch-happen': [ '13.0.1' ],
33 silly audit   minimatch: [ '9.0.4' ],
33 silly audit   'minipass-collect': [ '2.0.1' ],
33 silly audit   'minipass-fetch': [ '3.0.5' ],
33 silly audit   'minipass-flush': [ '1.0.5' ],
33 silly audit   'minipass-json-stream': [ '1.0.1' ],
33 silly audit   'minipass-pipeline': [ '1.2.4' ],
33 silly audit   'minipass-sized': [ '1.0.3' ],
33 silly audit   minizlib: [ '2.1.2' ],
33 silly audit   mkdirp: [ '1.0.4' ],
33 silly audit   'mute-stream': [ '1.0.0' ],
33 silly audit   negotiator: [ '0.6.3' ],
33 silly audit   'node-gyp': [ '10.1.0' ],
33 silly audit   nopt: [ '7.2.1' ],
33 silly audit   'normalize-package-data': [ '6.0.1' ],
33 silly audit   'npm-audit-report': [ '5.0.0' ],
33 silly audit   'npm-bundled': [ '3.0.1' ],
33 silly audit   'npm-install-checks': [ '6.3.0' ],
33 silly audit   'npm-normalize-package-bin': [ '3.0.1' ],
33 silly audit   'npm-package-arg': [ '11.0.2' ],
33 silly audit   'npm-packlist': [ '8.0.2' ],
33 silly audit   'npm-pick-manifest': [ '9.0.1' ],
33 silly audit   'npm-profile': [ '10.0.0' ],
33 silly audit   'npm-registry-fetch': [ '17.0.1' ],
33 silly audit   'npm-user-validate': [ '2.0.1' ],
33 silly audit   'p-map': [ '4.0.0' ],
33 silly audit   pacote: [ '18.0.6' ],
33 silly audit   'parse-conflict-json': [ '3.0.1' ],
33 silly audit   'path-key': [ '3.1.1' ],
33 silly audit   'path-scurry': [ '1.11.1' ],
33 silly audit   'postcss-selector-parser': [ '6.1.0' ],
33 silly audit   proggy: [ '2.0.0' ],
33 silly audit   'promise-all-reject-late': [ '1.0.1' ],
33 silly audit   'promise-call-limit': [ '3.0.1' ],
33 silly audit   'promise-inflight': [ '1.0.1' ],
33 silly audit   'promise-retry': [ '2.0.1' ],
33 silly audit   promzard: [ '1.0.2' ],
33 silly audit   'qrcode-terminal': [ '0.12.0' ],
33 silly audit   read: [ '3.0.1' ],
33 silly audit   'read-cmd-shim': [ '4.0.0' ],
33 silly audit   'read-package-json-fast': [ '3.0.2' ],
33 silly audit   retry: [ '0.12.0' ],
33 silly audit   'safer-buffer': [ '2.1.2' ],
33 silly audit   semver: [ '7.6.2' ],
33 silly audit   'shebang-command': [ '2.0.0' ],
33 silly audit   'shebang-regex': [ '3.0.0' ],
33 silly audit   'signal-exit': [ '4.1.0' ],
33 silly audit   sigstore: [ '2.3.1' ],
33 silly audit   'smart-buffer': [ '4.2.0' ],
33 silly audit   socks: [ '2.8.3' ],
33 silly audit   'socks-proxy-agent': [ '8.0.3' ],
33 silly audit   'spdx-correct': [ '3.2.0' ],
33 silly audit   'spdx-exceptions': [ '2.5.0' ],
33 silly audit   'spdx-license-ids': [ '3.0.18' ],
33 silly audit   'sprintf-js': [ '1.1.3' ],
33 silly audit   ssri: [ '10.0.6' ],
33 silly audit   tar: [ '6.2.1' ],
33 silly audit   'text-table': [ '0.2.0' ],
33 silly audit   'tiny-relative-date': [ '1.3.0' ],
33 silly audit   treeverse: [ '3.0.0' ],
33 silly audit   'tuf-js': [ '2.2.1' ],
33 silly audit   'unique-filename': [ '3.0.0' ],
33 silly audit   'unique-slug': [ '4.0.0' ],
33 silly audit   'util-deprecate': [ '1.0.2' ],
33 silly audit   'validate-npm-package-license': [ '3.0.4' ],
33 silly audit   'validate-npm-package-name': [ '5.0.1' ],
33 silly audit   'walk-up-path': [ '3.0.1' ],
33 silly audit   'write-file-atomic': [ '5.0.1' ],
33 silly audit   yallist: [ '4.0.0' ],
33 silly audit   '@isaacs/cliui': [ '8.0.2' ],
33 silly audit   '@isaacs/string-locale-compare': [ '1.1.0' ],
33 silly audit   '@npmcli/agent': [ '2.2.2' ],
33 silly audit   '@npmcli/arborist': [ '7.5.3' ],
33 silly audit   '@npmcli/config': [ '8.3.3' ],
33 silly audit   '@npmcli/fs': [ '3.1.1' ],
33 silly audit   '@npmcli/git': [ '5.0.7' ],
33 silly audit   '@npmcli/installed-package-contents': [ '2.1.0' ],
33 silly audit   '@npmcli/map-workspaces': [ '3.0.6' ],
33 silly audit   '@npmcli/metavuln-calculator': [ '7.1.1' ],
33 silly audit   '@npmcli/name-from-folder': [ '2.0.0' ],
33 silly audit   '@npmcli/node-gyp': [ '3.0.0' ],
33 silly audit   '@npmcli/package-json': [ '5.1.1' ],
33 silly audit   '@npmcli/promise-spawn': [ '7.0.2' ],
33 silly audit   '@npmcli/query': [ '3.1.0' ],
33 silly audit   '@npmcli/redact': [ '2.0.0' ],
33 silly audit   '@npmcli/run-script': [ '8.1.0' ],
33 silly audit   '@pkgjs/parseargs': [ '0.11.0' ],
33 silly audit   '@sigstore/bundle': [ '2.3.2' ],
33 silly audit   '@sigstore/core': [ '1.1.0' ],
33 silly audit   '@sigstore/protobuf-specs': [ '0.3.2' ],
33 silly audit   '@sigstore/sign': [ '2.3.2' ],
33 silly audit   '@sigstore/tuf': [ '2.3.4' ],
33 silly audit   '@sigstore/verify': [ '1.2.1' ],
33 silly audit   '@tufjs/canonical-json': [ '2.0.0' ],
33 silly audit   '@tufjs/models': [ '2.0.1' ]
33 silly audit }
34 silly tarball no local data for mongoose@https://registry.npmjs.org/mongoose/-/mongoose-8.4.1.tgz. Extracting by manifest.
35 http fetch POST 200 https://registry.npmjs.org/-/npm/v1/security/advisories/bulk 256ms
36 silly audit report {
36 silly audit report   axios: [
36 silly audit report     {
36 silly audit report       id: 1096525,
36 silly audit report       url: 'https://github.com/advisories/GHSA-wf5p-g6vw-rhxx',
36 silly audit report       title: 'Axios Cross-Site Request Forgery Vulnerability',
36 silly audit report       severity: 'moderate',
36 silly audit report       vulnerable_versions: '>=0.8.1 <0.28.0',
36 silly audit report       cwe: [Array],
36 silly audit report       cvss: [Object]
36 silly audit report     }
36 silly audit report   ]
36 silly audit report }
37 silly packumentCache corgi:https://registry.npmjs.org/axios cache-miss
38 http fetch GET 200 https://registry.npmjs.org/axios 45ms (cache revalidated)
39 silly packumentCache corgi:https://registry.npmjs.org/axios set size:206314 disposed:false
40 http fetch GET 200 https://registry.npmjs.org/mongoose/-/mongoose-8.4.1.tgz 503ms (cache miss)
41 silly CHANGE node_modules/npm
42 silly CHANGE node_modules/npm/node_modules/@npmcli/installed-package-contents
43 silly CHANGE node_modules/npm/node_modules/@npmcli/arborist
44 silly CHANGE node_modules/npm/node_modules/which
45 silly CHANGE node_modules/npm/node_modules/semver
46 silly CHANGE node_modules/npm/node_modules/qrcode-terminal
47 silly CHANGE node_modules/npm/node_modules/pacote
48 silly CHANGE node_modules/npm/node_modules/nopt
49 silly CHANGE node_modules/npm/node_modules/node-gyp
50 silly CHANGE node_modules/npm/node_modules/mkdirp
51 silly CHANGE node_modules/npm/node_modules/glob
52 silly CHANGE node_modules/npm/node_modules/cssesc
53 silly CHANGE node_modules/npm/node_modules/cross-spawn/node_modules/which
54 silly CHANGE node_modules/mongoose
55 verbose cwd /home/container
56 verbose os Linux 5.15.0-107-generic
57 verbose node v20.13.1
58 verbose npm  v10.8.0
59 verbose exit 0
60 info ok
